<?xml version="1.0" encoding="UTF-8"?>
<testng-results skipped="0" failed="0" ignored="0" total="1" passed="1">
  <reporter-output>
  </reporter-output>
  <suite name="Surefire suite" duration-ms="28677" started-at="2020-11-17T02:07:47 PST" finished-at="2020-11-17T02:08:16 PST">
    <groups>
    </groups>
    <test name="Surefire test" duration-ms="28677" started-at="2020-11-17T02:07:47 PST" finished-at="2020-11-17T02:08:16 PST">
      <class name="com.primus.qa.testcases.LoginPageTest">
        <test-method status="PASS" signature="setUp()[pri:0, instance:com.primus.qa.testcases.LoginPageTest@6c3708b3]" name="setUp" is-config="true" duration-ms="20899" started-at="2020-11-17T02:07:47 PST" finished-at="2020-11-17T02:08:08 PST">
          <reporter-output>
          </reporter-output>
        </test-method> <!-- setUp -->
        <test-method status="PASS" signature="loginTest()[pri:0, instance:com.primus.qa.testcases.LoginPageTest@6c3708b3]" name="loginTest" duration-ms="7705" started-at="2020-11-17T02:08:08 PST" finished-at="2020-11-17T02:08:16 PST">
          <reporter-output>
          </reporter-output>
        </test-method> <!-- loginTest -->
        <test-method status="PASS" signature="tearDown()[pri:0, instance:com.primus.qa.testcases.LoginPageTest@6c3708b3]" name="tearDown" is-config="true" duration-ms="1" started-at="2020-11-17T02:08:16 PST" finished-at="2020-11-17T02:08:16 PST">
          <reporter-output>
          </reporter-output>
        </test-method> <!-- tearDown -->
      </class> <!-- com.primus.qa.testcases.LoginPageTest -->
    </test> <!-- Surefire test -->
  </suite> <!-- Surefire suite -->
</testng-results>
